# JRE version: OpenJDK Runtime Environment Microsoft-11369864 (17.0.15+6) (build 17.0.15+6-LTS)
# Java VM: OpenJDK 64-Bit Server VM Microsoft-11369864 (17.0.15+6-LTS, mixed mode, emulated-client, sharing, tiered, compressed oops, compressed class ptrs, g1 gc, bsd-aarch64)
GC Precious Log:
 CPUs: 8 total, 8 available
 Memory: 8192M
 Large Page Support: Disabled
 NUMA Support: Disabled
 Compressed Oops: Enabled (Zero based)
 Heap Region Size: 1M
 Heap Min Capacity: 8M
 Heap Initial Capacity: 128M
 Heap Max Capacity: 2G
 Pre-touch: Disabled
 Parallel Workers: 8
 Concurrent Workers: 2
 Concurrent Refinement Workers: 8
 Periodic GC: Disabled
Heap:
 garbage-first heap   total 155648K, used 76498K [0x0000000780000000, 0x0000000800000000)
  region size 1024K, 8 young (8192K), 6 survivors (6144K)
 Metaspace       used 76640K, committed 77184K, reserved 1179648K
  class space    used 10120K, committed 10368K, reserved 1048576K
GC Heap History (20 events):
Event: 7.640 GC heap before
{Heap before GC invocations=16 (full 0):
 garbage-first heap   total 107520K, used 84708K [0x0000000780000000, 0x0000000800000000)
  region size 1024K, 51 young (52224K), 6 survivors (6144K)
 Metaspace       used 56360K, committed 56768K, reserved 1114112K
  class space    used 7596K, committed 7808K, reserved 1048576K
}
Event: 7.649 GC heap after
{Heap after GC invocations=17 (full 0):
 garbage-first heap   total 129024K, used 40194K [0x0000000780000000, 0x0000000800000000)
  region size 1024K, 4 young (4096K), 4 survivors (4096K)
 Metaspace       used 56360K, committed 56768K, reserved 1114112K
  class space    used 7596K, committed 7808K, reserved 1048576K
}
Event: 7.832 GC heap before
{Heap before GC invocations=17 (full 0):
 garbage-first heap   total 129024K, used 102658K [0x0000000780000000, 0x0000000800000000)
  region size 1024K, 65 young (66560K), 4 survivors (4096K)
 Metaspace       used 57449K, committed 57856K, reserved 1114112K
  class space    used 7704K, committed 7936K, reserved 1048576K
}
Event: 7.836 GC heap after
{Heap after GC invocations=18 (full 0):
 garbage-first heap   total 129024K, used 45888K [0x0000000780000000, 0x0000000800000000)
  region size 1024K, 9 young (9216K), 9 survivors (9216K)
 Metaspace       used 57449K, committed 57856K, reserved 1114112K
  class space    used 7704K, committed 7936K, reserved 1048576K
}
Event: 8.093 GC heap before
{Heap before GC invocations=18 (full 0):
 garbage-first heap   total 129024K, used 100160K [0x0000000780000000, 0x0000000800000000)
  region size 1024K, 62 young (63488K), 9 survivors (9216K)
 Metaspace       used 58067K, committed 58496K, reserved 1114112K
  class space    used 7768K, committed 8000K, reserved 1048576K
}
Event: 8.102 GC heap after
{Heap after GC invocations=19 (full 0):
 garbage-first heap   total 129024K, used 47953K [0x0000000780000000, 0x0000000800000000)
  region size 1024K, 3 young (3072K), 3 survivors (3072K)
 Metaspace       used 58067K, committed 58496K, reserved 1114112K
  class space    used 7768K, committed 8000K, reserved 1048576K
}
Event: 8.313 GC heap before
{Heap before GC invocations=19 (full 0):
 garbage-first heap   total 129024K, used 101201K [0x0000000780000000, 0x0000000800000000)
  region size 1024K, 55 young (56320K), 3 survivors (3072K)
 Metaspace       used 59479K, committed 59904K, reserved 1114112K
  class space    used 7959K, committed 8192K, reserved 1048576K
}
Event: 8.315 GC heap after
{Heap after GC invocations=20 (full 0):
 garbage-first heap   total 129024K, used 50131K [0x0000000780000000, 0x0000000800000000)
  region size 1024K, 5 young (5120K), 5 survivors (5120K)
 Metaspace       used 59479K, committed 59904K, reserved 1114112K
  class space    used 7959K, committed 8192K, reserved 1048576K
}
Event: 8.363 GC heap before
{Heap before GC invocations=20 (full 0):
 garbage-first heap   total 129024K, used 62419K [0x0000000780000000, 0x0000000800000000)
  region size 1024K, 18 young (18432K), 5 survivors (5120K)
 Metaspace       used 60092K, committed 60480K, reserved 1114112K
  class space    used 8043K, committed 8256K, reserved 1048576K
}
Event: 8.365 GC heap after
{Heap after GC invocations=21 (full 0):
 garbage-first heap   total 129024K, used 50918K [0x0000000780000000, 0x0000000800000000)
  region size 1024K, 4 young (4096K), 4 survivors (4096K)
 Metaspace       used 60092K, committed 60480K, reserved 1114112K
  class space    used 8043K, committed 8256K, reserved 1048576K
}
Event: 8.583 GC heap before
{Heap before GC invocations=22 (full 0):
 garbage-first heap   total 129024K, used 103142K [0x0000000780000000, 0x0000000800000000)
  region size 1024K, 55 young (56320K), 4 survivors (4096K)
 Metaspace       used 62548K, committed 62976K, reserved 1114112K
  class space    used 8437K, committed 8640K, reserved 1048576K
}
Event: 8.586 GC heap after
{Heap after GC invocations=23 (full 0):
 garbage-first heap   total 129024K, used 53644K [0x0000000780000000, 0x0000000800000000)
  region size 1024K, 6 young (6144K), 6 survivors (6144K)
 Metaspace       used 62548K, committed 62976K, reserved 1114112K
  class space    used 8437K, committed 8640K, reserved 1048576K
}
Event: 8.707 GC heap before
{Heap before GC invocations=23 (full 0):
 garbage-first heap   total 129024K, used 103820K [0x0000000780000000, 0x0000000800000000)
  region size 1024K, 55 young (56320K), 6 survivors (6144K)
 Metaspace       used 63824K, committed 64256K, reserved 1114112K
  class space    used 8609K, committed 8832K, reserved 1048576K
}
Event: 8.711 GC heap after
{Heap after GC invocations=24 (full 0):
 garbage-first heap   total 155648K, used 55438K [0x0000000780000000, 0x0000000800000000)
  region size 1024K, 5 young (5120K), 5 survivors (5120K)
 Metaspace       used 63824K, committed 64256K, reserved 1114112K
  class space    used 8609K, committed 8832K, reserved 1048576K
}
Event: 9.092 GC heap before
{Heap before GC invocations=24 (full 0):
 garbage-first heap   total 155648K, used 125070K [0x0000000780000000, 0x0000000800000000)
  region size 1024K, 73 young (74752K), 5 survivors (5120K)
 Metaspace       used 64276K, committed 64768K, reserved 1114112K
  class space    used 8674K, committed 8896K, reserved 1048576K
}
Event: 9.098 GC heap after
{Heap after GC invocations=25 (full 0):
 garbage-first heap   total 155648K, used 61552K [0x0000000780000000, 0x0000000800000000)
  region size 1024K, 10 young (10240K), 10 survivors (10240K)
 Metaspace       used 64276K, committed 64768K, reserved 1114112K
  class space    used 8674K, committed 8896K, reserved 1048576K
}
Event: 53.384 GC heap before
{Heap before GC invocations=25 (full 0):
 garbage-first heap   total 155648K, used 122992K [0x0000000780000000, 0x0000000800000000)
  region size 1024K, 71 young (72704K), 10 survivors (10240K)
 Metaspace       used 73561K, committed 74048K, reserved 1114112K
  class space    used 9817K, committed 10048K, reserved 1048576K
}
Event: 53.410 GC heap after
{Heap after GC invocations=26 (full 0):
 garbage-first heap   total 155648K, used 65091K [0x0000000780000000, 0x0000000800000000)
  region size 1024K, 5 young (5120K), 5 survivors (5120K)
 Metaspace       used 73561K, committed 74048K, reserved 1114112K
  class space    used 9817K, committed 10048K, reserved 1048576K
}
Event: 61.330 GC heap before
{Heap before GC invocations=26 (full 0):
 garbage-first heap   total 155648K, used 88643K [0x0000000780000000, 0x0000000800000000)
  region size 1024K, 25 young (25600K), 5 survivors (5120K)
 Metaspace       used 76549K, committed 77120K, reserved 1179648K
  class space    used 10110K, committed 10368K, reserved 1048576K
}
Event: 61.345 GC heap after
{Heap after GC invocations=27 (full 0):
 garbage-first heap   total 155648K, used 71378K [0x0000000780000000, 0x0000000800000000)
  region size 1024K, 6 young (6144K), 6 survivors (6144K)
 Metaspace       used 76549K, committed 77120K, reserved 1179648K
  class space    used 10110K, committed 10368K, reserved 1048576K
}

