# JRE version: OpenJDK Runtime Environment Microsoft-11369864 (17.0.15+6) (build 17.0.15+6-LTS)
# Java VM: OpenJDK 64-Bit Server VM Microsoft-11369864 (17.0.15+6-LTS, mixed mode, emulated-client, sharing, tiered, compressed oops, compressed class ptrs, g1 gc, bsd-aarch64)
GC Precious Log:
 CPUs: 8 total, 8 available
 Memory: 8192M
 Large Page Support: Disabled
 NUMA Support: Disabled
 Compressed Oops: Enabled (Zero based)
 Heap Region Size: 1M
 Heap Min Capacity: 8M
 Heap Initial Capacity: 128M
 Heap Max Capacity: 2G
 Pre-touch: Disabled
 Parallel Workers: 8
 Concurrent Workers: 2
 Concurrent Refinement Workers: 8
 Periodic GC: Disabled
Heap:
 garbage-first heap   total 161792K, used 112581K [0x0000000780000000, 0x0000000800000000)
  region size 1024K, 53 young (54272K), 4 survivors (4096K)
 Metaspace       used 71310K, committed 71872K, reserved 1114112K
  class space    used 9551K, committed 9856K, reserved 1048576K
GC Heap History (20 events):
Event: 4.482 GC heap before
{Heap before GC invocations=17 (full 0):
 garbage-first heap   total 122880K, used 98856K [0x0000000780000000, 0x0000000800000000)
  region size 1024K, 65 young (66560K), 6 survivors (6144K)
 Metaspace       used 56622K, committed 57024K, reserved 1114112K
  class space    used 7622K, committed 7808K, reserved 1048576K
}
Event: 4.486 GC heap after
{Heap after GC invocations=18 (full 0):
 garbage-first heap   total 122880K, used 40443K [0x0000000780000000, 0x0000000800000000)
  region size 1024K, 6 young (6144K), 6 survivors (6144K)
 Metaspace       used 56622K, committed 57024K, reserved 1114112K
  class space    used 7622K, committed 7808K, reserved 1048576K
}
Event: 4.616 GC heap before
{Heap before GC invocations=18 (full 0):
 garbage-first heap   total 122880K, used 99835K [0x0000000780000000, 0x0000000800000000)
  region size 1024K, 64 young (65536K), 6 survivors (6144K)
 Metaspace       used 57492K, committed 57920K, reserved 1114112K
  class space    used 7709K, committed 7936K, reserved 1048576K
}
Event: 4.622 GC heap after
{Heap after GC invocations=19 (full 0):
 garbage-first heap   total 122880K, used 45477K [0x0000000780000000, 0x0000000800000000)
  region size 1024K, 8 young (8192K), 8 survivors (8192K)
 Metaspace       used 57492K, committed 57920K, reserved 1114112K
  class space    used 7709K, committed 7936K, reserved 1048576K
}
Event: 4.772 GC heap before
{Heap before GC invocations=19 (full 0):
 garbage-first heap   total 122880K, used 98725K [0x0000000780000000, 0x0000000800000000)
  region size 1024K, 60 young (61440K), 8 survivors (8192K)
 Metaspace       used 58404K, committed 58880K, reserved 1114112K
  class space    used 7822K, committed 8064K, reserved 1048576K
}
Event: 4.779 GC heap after
{Heap after GC invocations=20 (full 0):
 garbage-first heap   total 122880K, used 48703K [0x0000000780000000, 0x0000000800000000)
  region size 1024K, 3 young (3072K), 3 survivors (3072K)
 Metaspace       used 58404K, committed 58880K, reserved 1114112K
  class space    used 7822K, committed 8064K, reserved 1048576K
}
Event: 4.955 GC heap before
{Heap before GC invocations=20 (full 0):
 garbage-first heap   total 122880K, used 97855K [0x0000000780000000, 0x0000000800000000)
  region size 1024K, 52 young (53248K), 3 survivors (3072K)
 Metaspace       used 59998K, committed 60416K, reserved 1114112K
  class space    used 8031K, committed 8256K, reserved 1048576K
}
Event: 4.958 GC heap after
{Heap after GC invocations=21 (full 0):
 garbage-first heap   total 122880K, used 50460K [0x0000000780000000, 0x0000000800000000)
  region size 1024K, 5 young (5120K), 5 survivors (5120K)
 Metaspace       used 59998K, committed 60416K, reserved 1114112K
  class space    used 8031K, committed 8256K, reserved 1048576K
}
Event: 5.159 GC heap before
{Heap before GC invocations=22 (full 0):
 garbage-first heap   total 122880K, used 101660K [0x0000000780000000, 0x0000000800000000)
  region size 1024K, 55 young (56320K), 5 survivors (5120K)
 Metaspace       used 62503K, committed 62912K, reserved 1114112K
  class space    used 8432K, committed 8640K, reserved 1048576K
}
Event: 5.162 GC heap after
{Heap after GC invocations=23 (full 0):
 garbage-first heap   total 122880K, used 53636K [0x0000000780000000, 0x0000000800000000)
  region size 1024K, 6 young (6144K), 6 survivors (6144K)
 Metaspace       used 62503K, committed 62912K, reserved 1114112K
  class space    used 8432K, committed 8640K, reserved 1048576K
}
Event: 5.273 GC heap before
{Heap before GC invocations=23 (full 0):
 garbage-first heap   total 122880K, used 100740K [0x0000000780000000, 0x0000000800000000)
  region size 1024K, 52 young (53248K), 6 survivors (6144K)
 Metaspace       used 63737K, committed 64192K, reserved 1114112K
  class space    used 8600K, committed 8768K, reserved 1048576K
}
Event: 5.277 GC heap after
{Heap after GC invocations=24 (full 0):
 garbage-first heap   total 161792K, used 55276K [0x0000000780000000, 0x0000000800000000)
  region size 1024K, 5 young (5120K), 5 survivors (5120K)
 Metaspace       used 63737K, committed 64192K, reserved 1114112K
  class space    used 8600K, committed 8768K, reserved 1048576K
}
Event: 5.656 GC heap before
{Heap before GC invocations=24 (full 0):
 garbage-first heap   total 161792K, used 129004K [0x0000000780000000, 0x0000000800000000)
  region size 1024K, 77 young (78848K), 5 survivors (5120K)
 Metaspace       used 64233K, committed 64768K, reserved 1114112K
  class space    used 8668K, committed 8960K, reserved 1048576K
}
Event: 5.661 GC heap after
{Heap after GC invocations=25 (full 0):
 garbage-first heap   total 161792K, used 61417K [0x0000000780000000, 0x0000000800000000)
  region size 1024K, 10 young (10240K), 10 survivors (10240K)
 Metaspace       used 64233K, committed 64768K, reserved 1114112K
  class space    used 8668K, committed 8960K, reserved 1048576K
}
Event: 19.785 GC heap before
{Heap before GC invocations=25 (full 0):
 garbage-first heap   total 161792K, used 127977K [0x0000000780000000, 0x0000000800000000)
  region size 1024K, 76 young (77824K), 10 survivors (10240K)
 Metaspace       used 71101K, committed 71552K, reserved 1114112K
  class space    used 9528K, committed 9728K, reserved 1048576K
}
Event: 19.811 GC heap after
{Heap after GC invocations=26 (full 0):
 garbage-first heap   total 161792K, used 65025K [0x0000000780000000, 0x0000000800000000)
  region size 1024K, 4 young (4096K), 4 survivors (4096K)
 Metaspace       used 71101K, committed 71552K, reserved 1114112K
  class space    used 9528K, committed 9728K, reserved 1048576K
}
Event: 26.948 GC heap before
{Heap before GC invocations=26 (full 0):
 garbage-first heap   total 161792K, used 129537K [0x0000000780000000, 0x0000000800000000)
  region size 1024K, 68 young (69632K), 4 survivors (4096K)
 Metaspace       used 71102K, committed 71552K, reserved 1114112K
  class space    used 9528K, committed 9728K, reserved 1048576K
}
Event: 26.955 GC heap after
{Heap after GC invocations=27 (full 0):
 garbage-first heap   total 161792K, used 64483K [0x0000000780000000, 0x0000000800000000)
  region size 1024K, 4 young (4096K), 4 survivors (4096K)
 Metaspace       used 71102K, committed 71552K, reserved 1114112K
  class space    used 9528K, committed 9728K, reserved 1048576K
}
Event: 46.701 GC heap before
{Heap before GC invocations=27 (full 0):
 garbage-first heap   total 161792K, used 132067K [0x0000000780000000, 0x0000000800000000)
  region size 1024K, 71 young (72704K), 4 survivors (4096K)
 Metaspace       used 71310K, committed 71872K, reserved 1114112K
  class space    used 9551K, committed 9856K, reserved 1048576K
}
Event: 46.714 GC heap after
{Heap after GC invocations=28 (full 0):
 garbage-first heap   total 161792K, used 64453K [0x0000000780000000, 0x0000000800000000)
  region size 1024K, 4 young (4096K), 4 survivors (4096K)
 Metaspace       used 71310K, committed 71872K, reserved 1114112K
  class space    used 9551K, committed 9856K, reserved 1048576K
}

