# JRE version: OpenJDK Runtime Environment Microsoft-11369864 (17.0.15+6) (build 17.0.15+6-LTS)
# Java VM: OpenJDK 64-Bit Server VM Microsoft-11369864 (17.0.15+6-LTS, mixed mode, emulated-client, sharing, tiered, compressed oops, compressed class ptrs, g1 gc, bsd-aarch64)
GC Precious Log:
 CPUs: 8 total, 8 available
 Memory: 8192M
 Large Page Support: Disabled
 NUMA Support: Disabled
 Compressed Oops: Enabled (Zero based)
 Heap Region Size: 1M
 Heap Min Capacity: 8M
 Heap Initial Capacity: 128M
 Heap Max Capacity: 2G
 Pre-touch: Disabled
 Parallel Workers: 8
 Concurrent Workers: 2
 Concurrent Refinement Workers: 8
 Periodic GC: Disabled
Heap:
 garbage-first heap   total 173056K, used 118156K [0x0000000780000000, 0x0000000800000000)
  region size 1024K, 59 young (60416K), 6 survivors (6144K)
 Metaspace       used 76326K, committed 76864K, reserved 1179648K
  class space    used 10102K, committed 10368K, reserved 1048576K
GC Heap History (20 events):
Event: 2.766 GC heap before
{Heap before GC invocations=12 (full 0):
 garbage-first heap   total 83968K, used 62682K [0x0000000780000000, 0x0000000800000000)
  region size 1024K, 37 young (37888K), 3 survivors (3072K)
 Metaspace       used 44699K, committed 45056K, reserved 1114112K
  class space    used 6093K, committed 6272K, reserved 1048576K
}
Event: 2.768 GC heap after
{Heap after GC invocations=13 (full 0):
 garbage-first heap   total 173056K, used 30916K [0x0000000780000000, 0x0000000800000000)
  region size 1024K, 5 young (5120K), 5 survivors (5120K)
 Metaspace       used 44699K, committed 45056K, reserved 1114112K
  class space    used 6093K, committed 6272K, reserved 1048576K
}
Event: 3.103 GC heap before
{Heap before GC invocations=13 (full 0):
 garbage-first heap   total 173056K, used 129220K [0x0000000780000000, 0x0000000800000000)
  region size 1024K, 101 young (103424K), 5 survivors (5120K)
 Metaspace       used 49689K, committed 50048K, reserved 1114112K
  class space    used 6769K, committed 6976K, reserved 1048576K
}
Event: 3.106 GC heap after
{Heap after GC invocations=14 (full 0):
 garbage-first heap   total 173056K, used 34499K [0x0000000780000000, 0x0000000800000000)
  region size 1024K, 9 young (9216K), 9 survivors (9216K)
 Metaspace       used 49689K, committed 50048K, reserved 1114112K
  class space    used 6769K, committed 6976K, reserved 1048576K
}
Event: 3.387 GC heap before
{Heap before GC invocations=14 (full 0):
 garbage-first heap   total 173056K, used 128707K [0x0000000780000000, 0x0000000800000000)
  region size 1024K, 101 young (103424K), 9 survivors (9216K)
 Metaspace       used 55253K, committed 55616K, reserved 1114112K
  class space    used 7494K, committed 7680K, reserved 1048576K
}
Event: 3.391 GC heap after
{Heap after GC invocations=15 (full 0):
 garbage-first heap   total 173056K, used 38129K [0x0000000780000000, 0x0000000800000000)
  region size 1024K, 11 young (11264K), 11 survivors (11264K)
 Metaspace       used 55253K, committed 55616K, reserved 1114112K
  class space    used 7494K, committed 7680K, reserved 1048576K
}
Event: 5.104 GC heap before
{Heap before GC invocations=15 (full 0):
 garbage-first heap   total 173056K, used 130289K [0x0000000780000000, 0x0000000800000000)
  region size 1024K, 101 young (103424K), 11 survivors (11264K)
 Metaspace       used 57220K, committed 57600K, reserved 1114112K
  class space    used 7686K, committed 7872K, reserved 1048576K
}
Event: 5.114 GC heap after
{Heap after GC invocations=16 (full 0):
 garbage-first heap   total 173056K, used 45477K [0x0000000780000000, 0x0000000800000000)
  region size 1024K, 12 young (12288K), 12 survivors (12288K)
 Metaspace       used 57220K, committed 57600K, reserved 1114112K
  class space    used 7686K, committed 7872K, reserved 1048576K
}
Event: 5.330 GC heap before
{Heap before GC invocations=16 (full 0):
 garbage-first heap   total 173056K, used 135589K [0x0000000780000000, 0x0000000800000000)
  region size 1024K, 100 young (102400K), 12 survivors (12288K)
 Metaspace       used 58356K, committed 58752K, reserved 1114112K
  class space    used 7817K, committed 8000K, reserved 1048576K
}
Event: 5.340 GC heap after
{Heap after GC invocations=17 (full 0):
 garbage-first heap   total 173056K, used 49037K [0x0000000780000000, 0x0000000800000000)
  region size 1024K, 4 young (4096K), 4 survivors (4096K)
 Metaspace       used 58356K, committed 58752K, reserved 1114112K
  class space    used 7817K, committed 8000K, reserved 1048576K
}
Event: 5.547 GC heap before
{Heap before GC invocations=17 (full 0):
 garbage-first heap   total 173056K, used 105357K [0x0000000780000000, 0x0000000800000000)
  region size 1024K, 60 young (61440K), 4 survivors (4096K)
 Metaspace       used 60088K, committed 60480K, reserved 1114112K
  class space    used 8047K, committed 8256K, reserved 1048576K
}
Event: 5.551 GC heap after
{Heap after GC invocations=18 (full 0):
 garbage-first heap   total 173056K, used 50680K [0x0000000780000000, 0x0000000800000000)
  region size 1024K, 6 young (6144K), 6 survivors (6144K)
 Metaspace       used 60088K, committed 60480K, reserved 1114112K
  class space    used 8047K, committed 8256K, reserved 1048576K
}
Event: 5.835 GC heap before
{Heap before GC invocations=19 (full 0):
 garbage-first heap   total 173056K, used 140792K [0x0000000780000000, 0x0000000800000000)
  region size 1024K, 94 young (96256K), 6 survivors (6144K)
 Metaspace       used 63672K, committed 64064K, reserved 1114112K
  class space    used 8592K, committed 8768K, reserved 1048576K
}
Event: 5.839 GC heap after
{Heap after GC invocations=20 (full 0):
 garbage-first heap   total 173056K, used 55072K [0x0000000780000000, 0x0000000800000000)
  region size 1024K, 10 young (10240K), 10 survivors (10240K)
 Metaspace       used 63672K, committed 64064K, reserved 1114112K
  class space    used 8592K, committed 8768K, reserved 1048576K
}
Event: 6.662 GC heap before
{Heap before GC invocations=20 (full 0):
 garbage-first heap   total 173056K, used 141088K [0x0000000780000000, 0x0000000800000000)
  region size 1024K, 94 young (96256K), 10 survivors (10240K)
 Metaspace       used 64717K, committed 65216K, reserved 1114112K
  class space    used 8729K, committed 8960K, reserved 1048576K
}
Event: 6.671 GC heap after
{Heap after GC invocations=21 (full 0):
 garbage-first heap   total 173056K, used 61551K [0x0000000780000000, 0x0000000800000000)
  region size 1024K, 12 young (12288K), 12 survivors (12288K)
 Metaspace       used 64717K, committed 65216K, reserved 1114112K
  class space    used 8729K, committed 8960K, reserved 1048576K
}
Event: 25.199 GC heap before
{Heap before GC invocations=21 (full 0):
 garbage-first heap   total 173056K, used 138351K [0x0000000780000000, 0x0000000800000000)
  region size 1024K, 88 young (90112K), 12 survivors (12288K)
 Metaspace       used 76320K, committed 76864K, reserved 1179648K
  class space    used 10102K, committed 10368K, reserved 1048576K
}
Event: 25.249 GC heap after
{Heap after GC invocations=22 (full 0):
 garbage-first heap   total 173056K, used 66146K [0x0000000780000000, 0x0000000800000000)
  region size 1024K, 6 young (6144K), 6 survivors (6144K)
 Metaspace       used 76320K, committed 76864K, reserved 1179648K
  class space    used 10102K, committed 10368K, reserved 1048576K
}
Event: 49.463 GC heap before
{Heap before GC invocations=22 (full 0):
 garbage-first heap   total 173056K, used 137826K [0x0000000780000000, 0x0000000800000000)
  region size 1024K, 77 young (78848K), 6 survivors (6144K)
 Metaspace       used 76322K, committed 76864K, reserved 1179648K
  class space    used 10102K, committed 10368K, reserved 1048576K
}
Event: 49.484 GC heap after
{Heap after GC invocations=23 (full 0):
 garbage-first heap   total 173056K, used 65932K [0x0000000780000000, 0x0000000800000000)
  region size 1024K, 6 young (6144K), 6 survivors (6144K)
 Metaspace       used 76322K, committed 76864K, reserved 1179648K
  class space    used 10102K, committed 10368K, reserved 1048576K
}

